<?xml version="1.0" encoding="UTF-8"?>
<!-- Generated by org.testng.reporters.JUnitReportReporter -->
<testsuite skipped="0" hostname="DESKTOP-FSJF2OQ" name="com.tour.test.UserRegistrationTest" tests="12" failures="0" timestamp="2022-07-30T21:46:43 IST" time="135.156" errors="0">
  <testcase name="enterResgistrationTest" time="12.508" classname="com.tour.test.UserRegistrationTest"/>
  <system-out/>
  <testcase name="selectDepartureAndReturn" time="17.113" classname="com.tour.test.UserRegistrationTest"/>
  <system-out/>
  <testcase name="submitBillingAddress" time="5.923" classname="com.tour.test.UserRegistrationTest"/>
  <system-out/>
  <testcase name="printflightSummary" time="0.183" classname="com.tour.test.UserRegistrationTest"/>
  <system-out/>
  <testcase name="selectDepartureAndReturn" time="15.913" classname="com.tour.test.UserRegistrationTest"/>
  <system-out/>
  <testcase name="navigateToFlightDetailPage" time="16.031" classname="com.tour.test.UserRegistrationTest"/>
  <system-out/>
  <testcase name="enterFlightDetails" time="18.179" classname="com.tour.test.UserRegistrationTest"/>
  <system-out/>
  <testcase name="printflightSummary" time="0.058" classname="com.tour.test.UserRegistrationTest"/>
  <system-out/>
  <testcase name="navigateToFlightDetailPage" time="15.118" classname="com.tour.test.UserRegistrationTest"/>
  <system-out/>
  <testcase name="enterFlightDetails" time="16.774" classname="com.tour.test.UserRegistrationTest"/>
  <system-out/>
  <testcase name="submitBillingAddress" time="5.827" classname="com.tour.test.UserRegistrationTest"/>
  <system-out/>
  <testcase name="enterResgistrationTest" time="11.529" classname="com.tour.test.UserRegistrationTest"/>
  <system-out/>
</testsuite> <!-- com.tour.test.UserRegistrationTest -->
