<?xml version="1.0" encoding="UTF-8"?>
<!-- Generated by org.testng.reporters.JUnitReportReporter -->
<testsuite skipped="0" hostname="DESKTOP-FSJF2OQ" name="com.tour.test.UserRegistrationTest" tests="6" failures="0" timestamp="2022-07-30T14:06:01 IST" time="66.796" errors="0">
  <testcase name="enterFlightDetails" time="17.471" classname="com.tour.test.UserRegistrationTest"/>
  <system-out/>
  <testcase name="selectDepartureAndReturn" time="15.975" classname="com.tour.test.UserRegistrationTest"/>
  <system-out/>
  <testcase name="printflightSummary" time="0.034" classname="com.tour.test.UserRegistrationTest"/>
  <system-out/>
  <testcase name="navigateToFlightDetailPage" time="15.341" classname="com.tour.test.UserRegistrationTest"/>
  <system-out/>
  <testcase name="submitBillingAddress" time="5.804" classname="com.tour.test.UserRegistrationTest"/>
  <system-out/>
  <testcase name="enterResgistrationTest" time="12.171" classname="com.tour.test.UserRegistrationTest"/>
  <system-out/>
</testsuite> <!-- com.tour.test.UserRegistrationTest -->
