<?xml version="1.0" encoding="UTF-8"?>
<!-- Generated by org.testng.reporters.JUnitReportReporter -->
<testsuite skipped="0" hostname="DESKTOP-FSJF2OQ" name="com.tour.test.UserRegistrationTest" tests="12" failures="0" timestamp="2022-07-30T16:42:45 IST" time="131.470" errors="0">
  <testcase name="enterFlightDetails" time="15.958" classname="com.tour.test.UserRegistrationTest"/>
  <system-out/>
  <testcase name="enterFlightDetails" time="17.660" classname="com.tour.test.UserRegistrationTest"/>
  <system-out/>
  <testcase name="submitBillingAddress" time="5.805" classname="com.tour.test.UserRegistrationTest"/>
  <system-out/>
  <testcase name="submitBillingAddress" time="5.409" classname="com.tour.test.UserRegistrationTest"/>
  <system-out/>
  <testcase name="navigateToFlightDetailPage" time="15.112" classname="com.tour.test.UserRegistrationTest"/>
  <system-out/>
  <testcase name="printflightSummary" time="0.077" classname="com.tour.test.UserRegistrationTest"/>
  <system-out/>
  <testcase name="printflightSummary" time="0.071" classname="com.tour.test.UserRegistrationTest"/>
  <system-out/>
  <testcase name="enterResgistrationTest" time="11.773" classname="com.tour.test.UserRegistrationTest"/>
  <system-out/>
  <testcase name="enterResgistrationTest" time="10.890" classname="com.tour.test.UserRegistrationTest"/>
  <system-out/>
  <testcase name="navigateToFlightDetailPage" time="15.778" classname="com.tour.test.UserRegistrationTest"/>
  <system-out/>
  <testcase name="selectDepartureAndReturn" time="15.497" classname="com.tour.test.UserRegistrationTest"/>
  <system-out/>
  <testcase name="selectDepartureAndReturn" time="17.440" classname="com.tour.test.UserRegistrationTest"/>
  <system-out/>
</testsuite> <!-- com.tour.test.UserRegistrationTest -->
