<?xml version="1.0" encoding="UTF-8"?>
<!-- Generated by org.testng.reporters.JUnitReportReporter -->
<testsuite skipped="0" hostname="DESKTOP-FSJF2OQ" name="com.tour.test.UserRegistrationTest" tests="12" failures="0" timestamp="2022-07-30T19:18:06 IST" time="130.063" errors="0">
  <testcase name="submitBillingAddress" time="5.410" classname="com.tour.test.UserRegistrationTest"/>
  <system-out/>
  <testcase name="navigateToFlightDetailPage" time="15.346" classname="com.tour.test.UserRegistrationTest"/>
  <system-out/>
  <testcase name="selectDepartureAndReturn" time="15.589" classname="com.tour.test.UserRegistrationTest"/>
  <system-out/>
  <testcase name="enterFlightDetails" time="17.691" classname="com.tour.test.UserRegistrationTest"/>
  <system-out/>
  <testcase name="selectDepartureAndReturn" time="16.056" classname="com.tour.test.UserRegistrationTest"/>
  <system-out/>
  <testcase name="enterFlightDetails" time="15.850" classname="com.tour.test.UserRegistrationTest"/>
  <system-out/>
  <testcase name="enterResgistrationTest" time="12.278" classname="com.tour.test.UserRegistrationTest"/>
  <system-out/>
  <testcase name="printflightSummary" time="0.076" classname="com.tour.test.UserRegistrationTest"/>
  <system-out/>
  <testcase name="enterResgistrationTest" time="11.171" classname="com.tour.test.UserRegistrationTest"/>
  <system-out/>
  <testcase name="printflightSummary" time="0.083" classname="com.tour.test.UserRegistrationTest"/>
  <system-out/>
  <testcase name="submitBillingAddress" time="5.378" classname="com.tour.test.UserRegistrationTest"/>
  <system-out/>
  <testcase name="navigateToFlightDetailPage" time="15.135" classname="com.tour.test.UserRegistrationTest"/>
  <system-out/>
</testsuite> <!-- com.tour.test.UserRegistrationTest -->
